2022-03-03 06:37:06 notice: Notice (1024): Undefined property: ArticlesController::$Paginator in /src/public/cakephp/src/Controller/ArticlesController.php on line 18 in [/src/public/cakephp/vendor/cakephp/cakephp/src/Controller/Controller.php, line 329]
Request URL: /articles
Referer URL: http://127.0.0.1/articles/edit/second-title
Client IP: 172.19.0.1
Trace:
Cake\Error\BaseErrorHandler::handleError() - CORE/src/Error/BaseErrorHandler.php, line 185
DebugKit\Plugin::DebugKit\{closure}() - ROOT/vendor/cakephp/debug_kit/src/Plugin.php, line 123
Cake\Controller\Controller::__get() - CORE/src/Controller/Controller.php, line 329
App\Controller\ArticlesController::index() - APP/Controller/ArticlesController.php, line 18
Cake\Controller\Controller::invokeAction() - CORE/src/Controller/Controller.php, line 539
Cake\Controller\ControllerFactory::handle() - CORE/src/Controller/ControllerFactory.php, line 140
Cake\Controller\ControllerFactory::invoke() - CORE/src/Controller/ControllerFactory.php, line 115
Cake\Http\BaseApplication::handle() - CORE/src/Http/BaseApplication.php, line 317
Cake\Http\Runner::handle() - CORE/src/Http/Runner.php, line 77
Cake\Http\Middleware\CsrfProtectionMiddleware::process() - CORE/src/Http/Middleware/CsrfProtectionMiddleware.php, line 174
Cake\Http\Runner::handle() - CORE/src/Http/Runner.php, line 73
Cake\Http\Middleware\BodyParserMiddleware::process() - CORE/src/Http/Middleware/BodyParserMiddleware.php, line 157
Cake\Http\Runner::handle() - CORE/src/Http/Runner.php, line 73
Cake\Routing\Middleware\RoutingMiddleware::process() - CORE/src/Routing/Middleware/RoutingMiddleware.php, line 161
Cake\Http\Runner::handle() - CORE/src/Http/Runner.php, line 73
Cake\Routing\Middleware\AssetMiddleware::process() - CORE/src/Routing/Middleware/AssetMiddleware.php, line 68
Cake\Http\Runner::handle() - CORE/src/Http/Runner.php, line 73
Cake\Error\Middleware\ErrorHandlerMiddleware::process() - CORE/src/Error/Middleware/ErrorHandlerMiddleware.php, line 126
Cake\Http\Runner::handle() - CORE/src/Http/Runner.php, line 73
DebugKit\Middleware\DebugKitMiddleware::process() - ROOT/vendor/cakephp/debug_kit/src/Middleware/DebugKitMiddleware.php, line 60
Cake\Http\Runner::handle() - CORE/src/Http/Runner.php, line 73
Cake\Http\Runner::run() - CORE/src/Http/Runner.php, line 58
Cake\Http\Server::run() - CORE/src/Http/Server.php, line 90
[main] - ROOT/webroot/index.php, line 40

2022-03-14 09:22:18 notice: Notice (1024): Undefined property: ChatController::$T_feed in /src/public/cakephp/src/Controller/ChatController.php on line 18 in [/src/public/cakephp/vendor/cakephp/cakephp/src/Controller/Controller.php, line 329]
Request URL: /Chat
Client IP: 172.21.0.1
Trace:
Cake\Error\BaseErrorHandler::handleError() - CORE/src/Error/BaseErrorHandler.php, line 185
DebugKit\Plugin::DebugKit\{closure}() - ROOT/vendor/cakephp/debug_kit/src/Plugin.php, line 123
Cake\Controller\Controller::__get() - CORE/src/Controller/Controller.php, line 329
App\Controller\ChatController::index() - APP/Controller/ChatController.php, line 18
Cake\Controller\Controller::invokeAction() - CORE/src/Controller/Controller.php, line 539
Cake\Controller\ControllerFactory::handle() - CORE/src/Controller/ControllerFactory.php, line 140
Cake\Controller\ControllerFactory::invoke() - CORE/src/Controller/ControllerFactory.php, line 115
Cake\Http\BaseApplication::handle() - CORE/src/Http/BaseApplication.php, line 317
Cake\Http\Runner::handle() - CORE/src/Http/Runner.php, line 77
Cake\Http\Middleware\CsrfProtectionMiddleware::process() - CORE/src/Http/Middleware/CsrfProtectionMiddleware.php, line 174
Cake\Http\Runner::handle() - CORE/src/Http/Runner.php, line 73
Cake\Http\Middleware\BodyParserMiddleware::process() - CORE/src/Http/Middleware/BodyParserMiddleware.php, line 157
Cake\Http\Runner::handle() - CORE/src/Http/Runner.php, line 73
Cake\Routing\Middleware\RoutingMiddleware::process() - CORE/src/Routing/Middleware/RoutingMiddleware.php, line 161
Cake\Http\Runner::handle() - CORE/src/Http/Runner.php, line 73
Cake\Routing\Middleware\AssetMiddleware::process() - CORE/src/Routing/Middleware/AssetMiddleware.php, line 68
Cake\Http\Runner::handle() - CORE/src/Http/Runner.php, line 73
Cake\Error\Middleware\ErrorHandlerMiddleware::process() - CORE/src/Error/Middleware/ErrorHandlerMiddleware.php, line 126
Cake\Http\Runner::handle() - CORE/src/Http/Runner.php, line 73
DebugKit\Middleware\DebugKitMiddleware::process() - ROOT/vendor/cakephp/debug_kit/src/Middleware/DebugKitMiddleware.php, line 60
Cake\Http\Runner::handle() - CORE/src/Http/Runner.php, line 73
Cake\Http\Runner::run() - CORE/src/Http/Runner.php, line 58
Cake\Http\Server::run() - CORE/src/Http/Server.php, line 90
[main] - ROOT/webroot/index.php, line 40

2022-03-14 09:23:42 notice: Notice (1024): Undefined property: ChatController::$T_feed in /src/public/cakephp/src/Controller/ChatController.php on line 18 in [/src/public/cakephp/vendor/cakephp/cakephp/src/Controller/Controller.php, line 329]
Request URL: /Chat
Client IP: 172.21.0.1
Trace:
Cake\Error\BaseErrorHandler::handleError() - CORE/src/Error/BaseErrorHandler.php, line 185
DebugKit\Plugin::DebugKit\{closure}() - ROOT/vendor/cakephp/debug_kit/src/Plugin.php, line 123
Cake\Controller\Controller::__get() - CORE/src/Controller/Controller.php, line 329
App\Controller\ChatController::index() - APP/Controller/ChatController.php, line 18
Cake\Controller\Controller::invokeAction() - CORE/src/Controller/Controller.php, line 539
Cake\Controller\ControllerFactory::handle() - CORE/src/Controller/ControllerFactory.php, line 140
Cake\Controller\ControllerFactory::invoke() - CORE/src/Controller/ControllerFactory.php, line 115
Cake\Http\BaseApplication::handle() - CORE/src/Http/BaseApplication.php, line 317
Cake\Http\Runner::handle() - CORE/src/Http/Runner.php, line 77
Cake\Http\Middleware\CsrfProtectionMiddleware::process() - CORE/src/Http/Middleware/CsrfProtectionMiddleware.php, line 174
Cake\Http\Runner::handle() - CORE/src/Http/Runner.php, line 73
Cake\Http\Middleware\BodyParserMiddleware::process() - CORE/src/Http/Middleware/BodyParserMiddleware.php, line 157
Cake\Http\Runner::handle() - CORE/src/Http/Runner.php, line 73
Cake\Routing\Middleware\RoutingMiddleware::process() - CORE/src/Routing/Middleware/RoutingMiddleware.php, line 161
Cake\Http\Runner::handle() - CORE/src/Http/Runner.php, line 73
Cake\Routing\Middleware\AssetMiddleware::process() - CORE/src/Routing/Middleware/AssetMiddleware.php, line 68
Cake\Http\Runner::handle() - CORE/src/Http/Runner.php, line 73
Cake\Error\Middleware\ErrorHandlerMiddleware::process() - CORE/src/Error/Middleware/ErrorHandlerMiddleware.php, line 126
Cake\Http\Runner::handle() - CORE/src/Http/Runner.php, line 73
DebugKit\Middleware\DebugKitMiddleware::process() - ROOT/vendor/cakephp/debug_kit/src/Middleware/DebugKitMiddleware.php, line 60
Cake\Http\Runner::handle() - CORE/src/Http/Runner.php, line 73
Cake\Http\Runner::run() - CORE/src/Http/Runner.php, line 58
Cake\Http\Server::run() - CORE/src/Http/Server.php, line 90
[main] - ROOT/webroot/index.php, line 40

2022-03-14 09:24:05 notice: Notice (1024): Undefined property: ChatController::$t_feed in /src/public/cakephp/src/Controller/ChatController.php on line 18 in [/src/public/cakephp/vendor/cakephp/cakephp/src/Controller/Controller.php, line 329]
Request URL: /Chat
Client IP: 172.21.0.1
Trace:
Cake\Error\BaseErrorHandler::handleError() - CORE/src/Error/BaseErrorHandler.php, line 185
DebugKit\Plugin::DebugKit\{closure}() - ROOT/vendor/cakephp/debug_kit/src/Plugin.php, line 123
Cake\Controller\Controller::__get() - CORE/src/Controller/Controller.php, line 329
App\Controller\ChatController::index() - APP/Controller/ChatController.php, line 18
Cake\Controller\Controller::invokeAction() - CORE/src/Controller/Controller.php, line 539
Cake\Controller\ControllerFactory::handle() - CORE/src/Controller/ControllerFactory.php, line 140
Cake\Controller\ControllerFactory::invoke() - CORE/src/Controller/ControllerFactory.php, line 115
Cake\Http\BaseApplication::handle() - CORE/src/Http/BaseApplication.php, line 317
Cake\Http\Runner::handle() - CORE/src/Http/Runner.php, line 77
Cake\Http\Middleware\CsrfProtectionMiddleware::process() - CORE/src/Http/Middleware/CsrfProtectionMiddleware.php, line 174
Cake\Http\Runner::handle() - CORE/src/Http/Runner.php, line 73
Cake\Http\Middleware\BodyParserMiddleware::process() - CORE/src/Http/Middleware/BodyParserMiddleware.php, line 157
Cake\Http\Runner::handle() - CORE/src/Http/Runner.php, line 73
Cake\Routing\Middleware\RoutingMiddleware::process() - CORE/src/Routing/Middleware/RoutingMiddleware.php, line 161
Cake\Http\Runner::handle() - CORE/src/Http/Runner.php, line 73
Cake\Routing\Middleware\AssetMiddleware::process() - CORE/src/Routing/Middleware/AssetMiddleware.php, line 68
Cake\Http\Runner::handle() - CORE/src/Http/Runner.php, line 73
Cake\Error\Middleware\ErrorHandlerMiddleware::process() - CORE/src/Error/Middleware/ErrorHandlerMiddleware.php, line 126
Cake\Http\Runner::handle() - CORE/src/Http/Runner.php, line 73
DebugKit\Middleware\DebugKitMiddleware::process() - ROOT/vendor/cakephp/debug_kit/src/Middleware/DebugKitMiddleware.php, line 60
Cake\Http\Runner::handle() - CORE/src/Http/Runner.php, line 73
Cake\Http\Runner::run() - CORE/src/Http/Runner.php, line 58
Cake\Http\Server::run() - CORE/src/Http/Server.php, line 90
[main] - ROOT/webroot/index.php, line 40

2022-03-14 09:25:46 notice: Notice (1024): Undefined property: ChatController::$T_feed in /src/public/cakephp/src/Controller/ChatController.php on line 17 in [/src/public/cakephp/vendor/cakephp/cakephp/src/Controller/Controller.php, line 329]
Request URL: /Chat
Client IP: 172.21.0.1
Trace:
Cake\Error\BaseErrorHandler::handleError() - CORE/src/Error/BaseErrorHandler.php, line 185
DebugKit\Plugin::DebugKit\{closure}() - ROOT/vendor/cakephp/debug_kit/src/Plugin.php, line 123
Cake\Controller\Controller::__get() - CORE/src/Controller/Controller.php, line 329
App\Controller\ChatController::index() - APP/Controller/ChatController.php, line 17
Cake\Controller\Controller::invokeAction() - CORE/src/Controller/Controller.php, line 539
Cake\Controller\ControllerFactory::handle() - CORE/src/Controller/ControllerFactory.php, line 140
Cake\Controller\ControllerFactory::invoke() - CORE/src/Controller/ControllerFactory.php, line 115
Cake\Http\BaseApplication::handle() - CORE/src/Http/BaseApplication.php, line 317
Cake\Http\Runner::handle() - CORE/src/Http/Runner.php, line 77
Cake\Http\Middleware\CsrfProtectionMiddleware::process() - CORE/src/Http/Middleware/CsrfProtectionMiddleware.php, line 174
Cake\Http\Runner::handle() - CORE/src/Http/Runner.php, line 73
Cake\Http\Middleware\BodyParserMiddleware::process() - CORE/src/Http/Middleware/BodyParserMiddleware.php, line 157
Cake\Http\Runner::handle() - CORE/src/Http/Runner.php, line 73
Cake\Routing\Middleware\RoutingMiddleware::process() - CORE/src/Routing/Middleware/RoutingMiddleware.php, line 161
Cake\Http\Runner::handle() - CORE/src/Http/Runner.php, line 73
Cake\Routing\Middleware\AssetMiddleware::process() - CORE/src/Routing/Middleware/AssetMiddleware.php, line 68
Cake\Http\Runner::handle() - CORE/src/Http/Runner.php, line 73
Cake\Error\Middleware\ErrorHandlerMiddleware::process() - CORE/src/Error/Middleware/ErrorHandlerMiddleware.php, line 126
Cake\Http\Runner::handle() - CORE/src/Http/Runner.php, line 73
DebugKit\Middleware\DebugKitMiddleware::process() - ROOT/vendor/cakephp/debug_kit/src/Middleware/DebugKitMiddleware.php, line 60
Cake\Http\Runner::handle() - CORE/src/Http/Runner.php, line 73
Cake\Http\Runner::run() - CORE/src/Http/Runner.php, line 58
Cake\Http\Server::run() - CORE/src/Http/Server.php, line 90
[main] - ROOT/webroot/index.php, line 40

2022-03-14 09:28:51 notice: Notice (1024): Undefined property: ChatController::$T_feed in /src/public/cakephp/src/Controller/ChatController.php on line 18 in [/src/public/cakephp/vendor/cakephp/cakephp/src/Controller/Controller.php, line 329]
Request URL: /Chat
Client IP: 172.21.0.1
Trace:
Cake\Error\BaseErrorHandler::handleError() - CORE/src/Error/BaseErrorHandler.php, line 185
DebugKit\Plugin::DebugKit\{closure}() - ROOT/vendor/cakephp/debug_kit/src/Plugin.php, line 123
Cake\Controller\Controller::__get() - CORE/src/Controller/Controller.php, line 329
App\Controller\ChatController::index() - APP/Controller/ChatController.php, line 18
Cake\Controller\Controller::invokeAction() - CORE/src/Controller/Controller.php, line 539
Cake\Controller\ControllerFactory::handle() - CORE/src/Controller/ControllerFactory.php, line 140
Cake\Controller\ControllerFactory::invoke() - CORE/src/Controller/ControllerFactory.php, line 115
Cake\Http\BaseApplication::handle() - CORE/src/Http/BaseApplication.php, line 317
Cake\Http\Runner::handle() - CORE/src/Http/Runner.php, line 77
Cake\Http\Middleware\CsrfProtectionMiddleware::process() - CORE/src/Http/Middleware/CsrfProtectionMiddleware.php, line 174
Cake\Http\Runner::handle() - CORE/src/Http/Runner.php, line 73
Cake\Http\Middleware\BodyParserMiddleware::process() - CORE/src/Http/Middleware/BodyParserMiddleware.php, line 157
Cake\Http\Runner::handle() - CORE/src/Http/Runner.php, line 73
Cake\Routing\Middleware\RoutingMiddleware::process() - CORE/src/Routing/Middleware/RoutingMiddleware.php, line 161
Cake\Http\Runner::handle() - CORE/src/Http/Runner.php, line 73
Cake\Routing\Middleware\AssetMiddleware::process() - CORE/src/Routing/Middleware/AssetMiddleware.php, line 68
Cake\Http\Runner::handle() - CORE/src/Http/Runner.php, line 73
Cake\Error\Middleware\ErrorHandlerMiddleware::process() - CORE/src/Error/Middleware/ErrorHandlerMiddleware.php, line 126
Cake\Http\Runner::handle() - CORE/src/Http/Runner.php, line 73
DebugKit\Middleware\DebugKitMiddleware::process() - ROOT/vendor/cakephp/debug_kit/src/Middleware/DebugKitMiddleware.php, line 60
Cake\Http\Runner::handle() - CORE/src/Http/Runner.php, line 73
Cake\Http\Runner::run() - CORE/src/Http/Runner.php, line 58
Cake\Http\Server::run() - CORE/src/Http/Server.php, line 90
[main] - ROOT/webroot/index.php, line 40

2022-03-16 02:38:25 notice: Notice (1024): Undefined property: UserController::$T_user in /src/public/cakephp/src/Controller/UserController.php on line 14 in [/src/public/cakephp/vendor/cakephp/cakephp/src/Controller/Controller.php, line 329]
Request URL: /user/regist
Referer URL: http://127.0.0.1/user/login
Client IP: 172.21.0.1
Trace:
Cake\Error\BaseErrorHandler::handleError() - CORE/src/Error/BaseErrorHandler.php, line 185
DebugKit\Plugin::DebugKit\{closure}() - ROOT/vendor/cakephp/debug_kit/src/Plugin.php, line 123
Cake\Controller\Controller::__get() - CORE/src/Controller/Controller.php, line 329
App\Controller\UserController::regist() - APP/Controller/UserController.php, line 14
Cake\Controller\Controller::invokeAction() - CORE/src/Controller/Controller.php, line 539
Cake\Controller\ControllerFactory::handle() - CORE/src/Controller/ControllerFactory.php, line 140
Cake\Controller\ControllerFactory::invoke() - CORE/src/Controller/ControllerFactory.php, line 115
Cake\Http\BaseApplication::handle() - CORE/src/Http/BaseApplication.php, line 317
Cake\Http\Runner::handle() - CORE/src/Http/Runner.php, line 77
Cake\Http\Middleware\CsrfProtectionMiddleware::process() - CORE/src/Http/Middleware/CsrfProtectionMiddleware.php, line 174
Cake\Http\Runner::handle() - CORE/src/Http/Runner.php, line 73
Cake\Http\Middleware\BodyParserMiddleware::process() - CORE/src/Http/Middleware/BodyParserMiddleware.php, line 157
Cake\Http\Runner::handle() - CORE/src/Http/Runner.php, line 73
Cake\Routing\Middleware\RoutingMiddleware::process() - CORE/src/Routing/Middleware/RoutingMiddleware.php, line 161
Cake\Http\Runner::handle() - CORE/src/Http/Runner.php, line 73
Cake\Routing\Middleware\AssetMiddleware::process() - CORE/src/Routing/Middleware/AssetMiddleware.php, line 68
Cake\Http\Runner::handle() - CORE/src/Http/Runner.php, line 73
Cake\Error\Middleware\ErrorHandlerMiddleware::process() - CORE/src/Error/Middleware/ErrorHandlerMiddleware.php, line 126
Cake\Http\Runner::handle() - CORE/src/Http/Runner.php, line 73
DebugKit\Middleware\DebugKitMiddleware::process() - ROOT/vendor/cakephp/debug_kit/src/Middleware/DebugKitMiddleware.php, line 60
Cake\Http\Runner::handle() - CORE/src/Http/Runner.php, line 73
Cake\Http\Runner::run() - CORE/src/Http/Runner.php, line 58
Cake\Http\Server::run() - CORE/src/Http/Server.php, line 90
[main] - ROOT/webroot/index.php, line 40

2022-03-16 02:39:44 notice: Notice (1024): Undefined property: UserController::$T_user in /src/public/cakephp/src/Controller/UserController.php on line 14 in [/src/public/cakephp/vendor/cakephp/cakephp/src/Controller/Controller.php, line 329]
Request URL: /user/regist
Referer URL: http://127.0.0.1/user/login
Client IP: 172.21.0.1
Trace:
Cake\Error\BaseErrorHandler::handleError() - CORE/src/Error/BaseErrorHandler.php, line 185
DebugKit\Plugin::DebugKit\{closure}() - ROOT/vendor/cakephp/debug_kit/src/Plugin.php, line 123
Cake\Controller\Controller::__get() - CORE/src/Controller/Controller.php, line 329
App\Controller\UserController::regist() - APP/Controller/UserController.php, line 14
Cake\Controller\Controller::invokeAction() - CORE/src/Controller/Controller.php, line 539
Cake\Controller\ControllerFactory::handle() - CORE/src/Controller/ControllerFactory.php, line 140
Cake\Controller\ControllerFactory::invoke() - CORE/src/Controller/ControllerFactory.php, line 115
Cake\Http\BaseApplication::handle() - CORE/src/Http/BaseApplication.php, line 317
Cake\Http\Runner::handle() - CORE/src/Http/Runner.php, line 77
Cake\Http\Middleware\CsrfProtectionMiddleware::process() - CORE/src/Http/Middleware/CsrfProtectionMiddleware.php, line 174
Cake\Http\Runner::handle() - CORE/src/Http/Runner.php, line 73
Cake\Http\Middleware\BodyParserMiddleware::process() - CORE/src/Http/Middleware/BodyParserMiddleware.php, line 157
Cake\Http\Runner::handle() - CORE/src/Http/Runner.php, line 73
Cake\Routing\Middleware\RoutingMiddleware::process() - CORE/src/Routing/Middleware/RoutingMiddleware.php, line 161
Cake\Http\Runner::handle() - CORE/src/Http/Runner.php, line 73
Cake\Routing\Middleware\AssetMiddleware::process() - CORE/src/Routing/Middleware/AssetMiddleware.php, line 68
Cake\Http\Runner::handle() - CORE/src/Http/Runner.php, line 73
Cake\Error\Middleware\ErrorHandlerMiddleware::process() - CORE/src/Error/Middleware/ErrorHandlerMiddleware.php, line 126
Cake\Http\Runner::handle() - CORE/src/Http/Runner.php, line 73
DebugKit\Middleware\DebugKitMiddleware::process() - ROOT/vendor/cakephp/debug_kit/src/Middleware/DebugKitMiddleware.php, line 60
Cake\Http\Runner::handle() - CORE/src/Http/Runner.php, line 73
Cake\Http\Runner::run() - CORE/src/Http/Runner.php, line 58
Cake\Http\Server::run() - CORE/src/Http/Server.php, line 90
[main] - ROOT/webroot/index.php, line 40

2022-03-16 02:40:57 notice: Notice (1024): Undefined property: UserController::$T_user in /src/public/cakephp/src/Controller/UserController.php on line 14 in [/src/public/cakephp/vendor/cakephp/cakephp/src/Controller/Controller.php, line 329]
Request URL: /user/regist
Referer URL: http://127.0.0.1/user/login
Client IP: 172.21.0.1
Trace:
Cake\Error\BaseErrorHandler::handleError() - CORE/src/Error/BaseErrorHandler.php, line 185
DebugKit\Plugin::DebugKit\{closure}() - ROOT/vendor/cakephp/debug_kit/src/Plugin.php, line 123
Cake\Controller\Controller::__get() - CORE/src/Controller/Controller.php, line 329
App\Controller\UserController::regist() - APP/Controller/UserController.php, line 14
Cake\Controller\Controller::invokeAction() - CORE/src/Controller/Controller.php, line 539
Cake\Controller\ControllerFactory::handle() - CORE/src/Controller/ControllerFactory.php, line 140
Cake\Controller\ControllerFactory::invoke() - CORE/src/Controller/ControllerFactory.php, line 115
Cake\Http\BaseApplication::handle() - CORE/src/Http/BaseApplication.php, line 317
Cake\Http\Runner::handle() - CORE/src/Http/Runner.php, line 77
Cake\Http\Middleware\CsrfProtectionMiddleware::process() - CORE/src/Http/Middleware/CsrfProtectionMiddleware.php, line 174
Cake\Http\Runner::handle() - CORE/src/Http/Runner.php, line 73
Cake\Http\Middleware\BodyParserMiddleware::process() - CORE/src/Http/Middleware/BodyParserMiddleware.php, line 157
Cake\Http\Runner::handle() - CORE/src/Http/Runner.php, line 73
Cake\Routing\Middleware\RoutingMiddleware::process() - CORE/src/Routing/Middleware/RoutingMiddleware.php, line 161
Cake\Http\Runner::handle() - CORE/src/Http/Runner.php, line 73
Cake\Routing\Middleware\AssetMiddleware::process() - CORE/src/Routing/Middleware/AssetMiddleware.php, line 68
Cake\Http\Runner::handle() - CORE/src/Http/Runner.php, line 73
Cake\Error\Middleware\ErrorHandlerMiddleware::process() - CORE/src/Error/Middleware/ErrorHandlerMiddleware.php, line 126
Cake\Http\Runner::handle() - CORE/src/Http/Runner.php, line 73
DebugKit\Middleware\DebugKitMiddleware::process() - ROOT/vendor/cakephp/debug_kit/src/Middleware/DebugKitMiddleware.php, line 60
Cake\Http\Runner::handle() - CORE/src/Http/Runner.php, line 73
Cake\Http\Runner::run() - CORE/src/Http/Runner.php, line 58
Cake\Http\Server::run() - CORE/src/Http/Server.php, line 90
[main] - ROOT/webroot/index.php, line 40

2022-03-16 02:43:12 notice: Notice (1024): Undefined property: UserController::$T_user in /src/public/cakephp/src/Controller/UserController.php on line 14 in [/src/public/cakephp/vendor/cakephp/cakephp/src/Controller/Controller.php, line 329]
Request URL: /user/regist
Referer URL: http://127.0.0.1/user/login
Client IP: 172.21.0.1
Trace:
Cake\Error\BaseErrorHandler::handleError() - CORE/src/Error/BaseErrorHandler.php, line 185
DebugKit\Plugin::DebugKit\{closure}() - ROOT/vendor/cakephp/debug_kit/src/Plugin.php, line 123
Cake\Controller\Controller::__get() - CORE/src/Controller/Controller.php, line 329
App\Controller\UserController::regist() - APP/Controller/UserController.php, line 14
Cake\Controller\Controller::invokeAction() - CORE/src/Controller/Controller.php, line 539
Cake\Controller\ControllerFactory::handle() - CORE/src/Controller/ControllerFactory.php, line 140
Cake\Controller\ControllerFactory::invoke() - CORE/src/Controller/ControllerFactory.php, line 115
Cake\Http\BaseApplication::handle() - CORE/src/Http/BaseApplication.php, line 317
Cake\Http\Runner::handle() - CORE/src/Http/Runner.php, line 77
Cake\Http\Middleware\CsrfProtectionMiddleware::process() - CORE/src/Http/Middleware/CsrfProtectionMiddleware.php, line 174
Cake\Http\Runner::handle() - CORE/src/Http/Runner.php, line 73
Cake\Http\Middleware\BodyParserMiddleware::process() - CORE/src/Http/Middleware/BodyParserMiddleware.php, line 157
Cake\Http\Runner::handle() - CORE/src/Http/Runner.php, line 73
Cake\Routing\Middleware\RoutingMiddleware::process() - CORE/src/Routing/Middleware/RoutingMiddleware.php, line 161
Cake\Http\Runner::handle() - CORE/src/Http/Runner.php, line 73
Cake\Routing\Middleware\AssetMiddleware::process() - CORE/src/Routing/Middleware/AssetMiddleware.php, line 68
Cake\Http\Runner::handle() - CORE/src/Http/Runner.php, line 73
Cake\Error\Middleware\ErrorHandlerMiddleware::process() - CORE/src/Error/Middleware/ErrorHandlerMiddleware.php, line 126
Cake\Http\Runner::handle() - CORE/src/Http/Runner.php, line 73
DebugKit\Middleware\DebugKitMiddleware::process() - ROOT/vendor/cakephp/debug_kit/src/Middleware/DebugKitMiddleware.php, line 60
Cake\Http\Runner::handle() - CORE/src/Http/Runner.php, line 73
Cake\Http\Runner::run() - CORE/src/Http/Runner.php, line 58
Cake\Http\Server::run() - CORE/src/Http/Server.php, line 90
[main] - ROOT/webroot/index.php, line 40

2022-03-16 02:47:15 notice: Notice (1024): Undefined property: UserController::$t_user in /src/public/cakephp/src/Controller/UserController.php on line 24 in [/src/public/cakephp/vendor/cakephp/cakephp/src/Controller/Controller.php, line 329]
Request URL: /user/regist
Referer URL: http://127.0.0.1/user/regist
Client IP: 172.21.0.1
Trace:
Cake\Error\BaseErrorHandler::handleError() - CORE/src/Error/BaseErrorHandler.php, line 185
DebugKit\Plugin::DebugKit\{closure}() - ROOT/vendor/cakephp/debug_kit/src/Plugin.php, line 123
Cake\Controller\Controller::__get() - CORE/src/Controller/Controller.php, line 329
App\Controller\UserController::regist() - APP/Controller/UserController.php, line 24
Cake\Controller\Controller::invokeAction() - CORE/src/Controller/Controller.php, line 539
Cake\Controller\ControllerFactory::handle() - CORE/src/Controller/ControllerFactory.php, line 140
Cake\Controller\ControllerFactory::invoke() - CORE/src/Controller/ControllerFactory.php, line 115
Cake\Http\BaseApplication::handle() - CORE/src/Http/BaseApplication.php, line 317
Cake\Http\Runner::handle() - CORE/src/Http/Runner.php, line 77
Cake\Http\Middleware\CsrfProtectionMiddleware::process() - CORE/src/Http/Middleware/CsrfProtectionMiddleware.php, line 174
Cake\Http\Runner::handle() - CORE/src/Http/Runner.php, line 73
Cake\Http\Middleware\BodyParserMiddleware::process() - CORE/src/Http/Middleware/BodyParserMiddleware.php, line 162
Cake\Http\Runner::handle() - CORE/src/Http/Runner.php, line 73
Cake\Routing\Middleware\RoutingMiddleware::process() - CORE/src/Routing/Middleware/RoutingMiddleware.php, line 161
Cake\Http\Runner::handle() - CORE/src/Http/Runner.php, line 73
Cake\Routing\Middleware\AssetMiddleware::process() - CORE/src/Routing/Middleware/AssetMiddleware.php, line 68
Cake\Http\Runner::handle() - CORE/src/Http/Runner.php, line 73
Cake\Error\Middleware\ErrorHandlerMiddleware::process() - CORE/src/Error/Middleware/ErrorHandlerMiddleware.php, line 126
Cake\Http\Runner::handle() - CORE/src/Http/Runner.php, line 73
DebugKit\Middleware\DebugKitMiddleware::process() - ROOT/vendor/cakephp/debug_kit/src/Middleware/DebugKitMiddleware.php, line 60
Cake\Http\Runner::handle() - CORE/src/Http/Runner.php, line 73
Cake\Http\Runner::run() - CORE/src/Http/Runner.php, line 58
Cake\Http\Server::run() - CORE/src/Http/Server.php, line 90
[main] - ROOT/webroot/index.php, line 40

2022-03-18 04:14:27 notice: Notice (1024): Undefined property: ChatController::$T_user in /src/public/cakephp/src/Controller/ChatController.php on line 20 in [/src/public/cakephp/vendor/cakephp/cakephp/src/Controller/Controller.php, line 329]
Request URL: /chat
Referer URL: http://127.0.0.1/chat/view/84
Client IP: 172.21.0.1
Trace:
Cake\Error\BaseErrorHandler::handleError() - CORE/src/Error/BaseErrorHandler.php, line 185
DebugKit\Plugin::DebugKit\{closure}() - ROOT/vendor/cakephp/debug_kit/src/Plugin.php, line 123
Cake\Controller\Controller::__get() - CORE/src/Controller/Controller.php, line 329
App\Controller\ChatController::index() - APP/Controller/ChatController.php, line 20
Cake\Controller\Controller::invokeAction() - CORE/src/Controller/Controller.php, line 539
Cake\Controller\ControllerFactory::handle() - CORE/src/Controller/ControllerFactory.php, line 140
Cake\Controller\ControllerFactory::invoke() - CORE/src/Controller/ControllerFactory.php, line 115
Cake\Http\BaseApplication::handle() - CORE/src/Http/BaseApplication.php, line 317
Cake\Http\Runner::handle() - CORE/src/Http/Runner.php, line 77
Cake\Http\Middleware\CsrfProtectionMiddleware::process() - CORE/src/Http/Middleware/CsrfProtectionMiddleware.php, line 174
Cake\Http\Runner::handle() - CORE/src/Http/Runner.php, line 73
Cake\Http\Middleware\BodyParserMiddleware::process() - CORE/src/Http/Middleware/BodyParserMiddleware.php, line 157
Cake\Http\Runner::handle() - CORE/src/Http/Runner.php, line 73
Cake\Routing\Middleware\RoutingMiddleware::process() - CORE/src/Routing/Middleware/RoutingMiddleware.php, line 161
Cake\Http\Runner::handle() - CORE/src/Http/Runner.php, line 73
Cake\Routing\Middleware\AssetMiddleware::process() - CORE/src/Routing/Middleware/AssetMiddleware.php, line 68
Cake\Http\Runner::handle() - CORE/src/Http/Runner.php, line 73
Cake\Error\Middleware\ErrorHandlerMiddleware::process() - CORE/src/Error/Middleware/ErrorHandlerMiddleware.php, line 126
Cake\Http\Runner::handle() - CORE/src/Http/Runner.php, line 73
DebugKit\Middleware\DebugKitMiddleware::process() - ROOT/vendor/cakephp/debug_kit/src/Middleware/DebugKitMiddleware.php, line 60
Cake\Http\Runner::handle() - CORE/src/Http/Runner.php, line 73
Cake\Http\Runner::run() - CORE/src/Http/Runner.php, line 58
Cake\Http\Server::run() - CORE/src/Http/Server.php, line 90
[main] - ROOT/webroot/index.php, line 40

2022-04-28 06:30:52 notice: Notice (1024): Undefined property: ChatController::$T_use in /src/public/cakephp/src/Controller/ChatController.php on line 35 in [/src/public/cakephp/vendor/cakephp/cakephp/src/Controller/Controller.php, line 329]
Request URL: /chat
Referer URL: http://127.0.0.1/chat
Client IP: 172.21.0.1
Trace:
Cake\Error\BaseErrorHandler::handleError() - CORE/src/Error/BaseErrorHandler.php, line 185
DebugKit\Plugin::DebugKit\{closure}() - ROOT/vendor/cakephp/debug_kit/src/Plugin.php, line 123
Cake\Controller\Controller::__get() - CORE/src/Controller/Controller.php, line 329
App\Controller\ChatController::index() - APP/Controller/ChatController.php, line 35
Cake\Controller\Controller::invokeAction() - CORE/src/Controller/Controller.php, line 539
Cake\Controller\ControllerFactory::handle() - CORE/src/Controller/ControllerFactory.php, line 140
Cake\Controller\ControllerFactory::invoke() - CORE/src/Controller/ControllerFactory.php, line 115
Cake\Http\BaseApplication::handle() - CORE/src/Http/BaseApplication.php, line 317
Cake\Http\Runner::handle() - CORE/src/Http/Runner.php, line 77
Cake\Http\Middleware\CsrfProtectionMiddleware::process() - CORE/src/Http/Middleware/CsrfProtectionMiddleware.php, line 174
Cake\Http\Runner::handle() - CORE/src/Http/Runner.php, line 73
Cake\Http\Middleware\BodyParserMiddleware::process() - CORE/src/Http/Middleware/BodyParserMiddleware.php, line 157
Cake\Http\Runner::handle() - CORE/src/Http/Runner.php, line 73
Cake\Routing\Middleware\RoutingMiddleware::process() - CORE/src/Routing/Middleware/RoutingMiddleware.php, line 161
Cake\Http\Runner::handle() - CORE/src/Http/Runner.php, line 73
Cake\Routing\Middleware\AssetMiddleware::process() - CORE/src/Routing/Middleware/AssetMiddleware.php, line 68
Cake\Http\Runner::handle() - CORE/src/Http/Runner.php, line 73
Cake\Error\Middleware\ErrorHandlerMiddleware::process() - CORE/src/Error/Middleware/ErrorHandlerMiddleware.php, line 126
Cake\Http\Runner::handle() - CORE/src/Http/Runner.php, line 73
DebugKit\Middleware\DebugKitMiddleware::process() - ROOT/vendor/cakephp/debug_kit/src/Middleware/DebugKitMiddleware.php, line 60
Cake\Http\Runner::handle() - CORE/src/Http/Runner.php, line 73
Cake\Http\Runner::run() - CORE/src/Http/Runner.php, line 58
Cake\Http\Server::run() - CORE/src/Http/Server.php, line 90
[main] - ROOT/webroot/index.php, line 40

2022-04-28 06:30:56 notice: Notice (1024): Undefined property: ChatController::$T_use in /src/public/cakephp/src/Controller/ChatController.php on line 35 in [/src/public/cakephp/vendor/cakephp/cakephp/src/Controller/Controller.php, line 329]
Request URL: /chat
Referer URL: http://127.0.0.1/user/login
Client IP: 172.21.0.1
Trace:
Cake\Error\BaseErrorHandler::handleError() - CORE/src/Error/BaseErrorHandler.php, line 185
DebugKit\Plugin::DebugKit\{closure}() - ROOT/vendor/cakephp/debug_kit/src/Plugin.php, line 123
Cake\Controller\Controller::__get() - CORE/src/Controller/Controller.php, line 329
App\Controller\ChatController::index() - APP/Controller/ChatController.php, line 35
Cake\Controller\Controller::invokeAction() - CORE/src/Controller/Controller.php, line 539
Cake\Controller\ControllerFactory::handle() - CORE/src/Controller/ControllerFactory.php, line 140
Cake\Controller\ControllerFactory::invoke() - CORE/src/Controller/ControllerFactory.php, line 115
Cake\Http\BaseApplication::handle() - CORE/src/Http/BaseApplication.php, line 317
Cake\Http\Runner::handle() - CORE/src/Http/Runner.php, line 77
Cake\Http\Middleware\CsrfProtectionMiddleware::process() - CORE/src/Http/Middleware/CsrfProtectionMiddleware.php, line 174
Cake\Http\Runner::handle() - CORE/src/Http/Runner.php, line 73
Cake\Http\Middleware\BodyParserMiddleware::process() - CORE/src/Http/Middleware/BodyParserMiddleware.php, line 157
Cake\Http\Runner::handle() - CORE/src/Http/Runner.php, line 73
Cake\Routing\Middleware\RoutingMiddleware::process() - CORE/src/Routing/Middleware/RoutingMiddleware.php, line 161
Cake\Http\Runner::handle() - CORE/src/Http/Runner.php, line 73
Cake\Routing\Middleware\AssetMiddleware::process() - CORE/src/Routing/Middleware/AssetMiddleware.php, line 68
Cake\Http\Runner::handle() - CORE/src/Http/Runner.php, line 73
Cake\Error\Middleware\ErrorHandlerMiddleware::process() - CORE/src/Error/Middleware/ErrorHandlerMiddleware.php, line 126
Cake\Http\Runner::handle() - CORE/src/Http/Runner.php, line 73
DebugKit\Middleware\DebugKitMiddleware::process() - ROOT/vendor/cakephp/debug_kit/src/Middleware/DebugKitMiddleware.php, line 60
Cake\Http\Runner::handle() - CORE/src/Http/Runner.php, line 73
Cake\Http\Runner::run() - CORE/src/Http/Runner.php, line 58
Cake\Http\Server::run() - CORE/src/Http/Server.php, line 90
[main] - ROOT/webroot/index.php, line 40

